<?xml version="1.0" encoding="UTF-8"?>
<testng-results skipped="0" failed="0" ignored="0" total="1" passed="1">
  <reporter-output>
  </reporter-output>
  <suite name="Suite" duration-ms="31464" started-at="2023-06-07T20:14:59 PDT" finished-at="2023-06-07T20:15:31 PDT">
    <groups>
    </groups>
    <test name="Test" duration-ms="31464" started-at="2023-06-07T20:14:59 PDT" finished-at="2023-06-07T20:15:31 PDT">
      <class name="tests.LoginTest">
        <test-method status="PASS" signature="launchApp()[pri:0, instance:tests.LoginTest@5649fd9b]" name="launchApp" is-config="true" duration-ms="7538" started-at="2023-06-07T20:14:59 PDT" finished-at="2023-06-07T20:15:07 PDT">
          <reporter-output>
          </reporter-output>
        </test-method> <!-- launchApp -->
        <test-method status="PASS" signature="verifyLoginWithValidUserDetails()[pri:0, instance:tests.LoginTest@5649fd9b]" name="verifyLoginWithValidUserDetails" duration-ms="22891" started-at="2023-06-07T20:15:07 PDT" finished-at="2023-06-07T20:15:30 PDT">
          <reporter-output>
          </reporter-output>
        </test-method> <!-- verifyLoginWithValidUserDetails -->
        <test-method status="PASS" signature="closeApp()[pri:0, instance:tests.LoginTest@5649fd9b]" name="closeApp" is-config="true" duration-ms="1004" started-at="2023-06-07T20:15:30 PDT" finished-at="2023-06-07T20:15:31 PDT">
          <reporter-output>
          </reporter-output>
        </test-method> <!-- closeApp -->
      </class> <!-- tests.LoginTest -->
    </test> <!-- Test -->
  </suite> <!-- Suite -->
</testng-results>
